2025-03-16 12:29:41,574 - INFO - Data loaded successfully with shape: (500, 450)
2025-03-16 12:29:42,202 - INFO - Scaler saved to E:\hyperspectral_don_prediction\models\scaler.pkl
2025-03-16 12:29:42,207 - INFO - Preprocessed data saved to E:\hyperspectral_don_prediction\data/X_clean.npy and E:\hyperspectral_don_prediction\data/y_clean.npy
2025-03-16 12:34:17,683 - INFO - XGBoost - Test MAE: 3458.30, RMSE: 12555.47, R²: 0.00
2025-03-16 12:34:19,409 - INFO - LightGBM - Test MAE: 4807.90, RMSE: 10966.81, R²: 0.24
2025-03-16 12:34:50,506 - INFO - CNN - Test MAE: 2092.94, RMSE: 5744.78, R²: 0.79
2025-03-16 12:58:42,632 - WARNING - Code block execution exceeded 10 seconds timeout
Traceback (most recent call last):
  File "E:\hyperspectral_don_prediction\venv\lib\site-packages\stopit\utils.py", line 145, in wrapper
    result = func(*args, **kwargs)
  File "E:\hyperspectral_don_prediction\venv\lib\site-packages\tpot\decorators.py", line 57, in time_limited_call
    func(*args)
  File "E:\hyperspectral_don_prediction\venv\lib\site-packages\sklearn\pipeline.py", line 406, in fit
    self._final_estimator.fit(Xt, y, **fit_params_last_step)
  File "E:\hyperspectral_don_prediction\venv\lib\site-packages\sklearn\ensemble\_weight_boosting.py", line 162, in fit
    sample_weight, estimator_weight, estimator_error = self._boost(
  File "E:\hyperspectral_don_prediction\venv\lib\site-packages\sklearn\ensemble\_weight_boosting.py", line 1152, in _boost
    estimator.fit(X_, y_)
  File "E:\hyperspectral_don_prediction\venv\lib\site-packages\sklearn\tree\_classes.py", line 1247, in fit
    super().fit(
  File "E:\hyperspectral_don_prediction\venv\lib\site-packages\sklearn\tree\_classes.py", line 379, in fit
    builder.build(self.tree_, X, y, sample_weight)
stopit.utils.TimeoutException
2025-03-16 13:08:23,125 - INFO - TPOT - Test MAE: 1601.29, RMSE: 3437.00, R²: 0.93
2025-03-16 13:08:26,195 - WARNING - From E:\hyperspectral_don_prediction\venv\lib\site-packages\tensorflow\python\autograph\pyct\static_analysis\liveness.py:83: Analyzer.lamba_check (from tensorflow.python.autograph.pyct.static_analysis.liveness) is deprecated and will be removed after 2023-09-23.
Instructions for updating:
Lambda fuctions will be no more assumed to be used in the statement where they are used, or at least in the same block. https://github.com/tensorflow/tensorflow/issues/56089
2025-03-16 13:15:27,018 - WARNING - Found untraced functions such as _update_step_xla while saving (showing 1 of 1). These functions will not be directly callable after loading.
2025-03-16 13:15:29,507 - INFO - Assets written to: .\structured_data_regressor\best_model\assets
2025-03-16 13:15:43,568 - INFO - AutoKeras - Test MAE: 2135.20, RMSE: 5272.89, R²: 0.82
2025-03-16 13:15:50,882 - INFO - Model comparison saved to E:\hyperspectral_don_prediction\models\model_comparison.csv
2025-03-16 13:29:30,004 - INFO - XGBoost - Test MAE: 3095.86, RMSE: 12383.43, R²: 0.03
2025-03-16 13:29:31,597 - INFO - LightGBM - Test MAE: 4579.48, RMSE: 10295.51, R²: 0.33
2025-03-16 13:32:05,764 - INFO - CNN - Test MAE: 2887.64, RMSE: 11960.98, R²: 0.10
2025-03-16 13:32:06,599 - INFO - Model comparison saved to E:\hyperspectral_don_prediction\models\model_comparison.csv
2025-03-16 14:51:22,426 - INFO - XGBoost Tuned - Test MAE: 3782.09, RMSE: 11596.41, R²: 0.15
2025-03-16 14:51:24,439 - INFO - LightGBM - Test MAE: 5268.80, RMSE: 11444.06, R²: 0.17
2025-03-16 14:54:34,557 - INFO - CNN - Test MAE: 1854.57, RMSE: 5032.67, R²: 0.84
2025-03-16 14:54:58,480 - INFO - Stacking Model - Test MAE: 3787.36, RMSE: 10961.30, R²: 0.24
2025-03-16 14:54:58,626 - INFO - Model comparison saved to E:\hyperspectral_don_prediction\models\model_comparison.csv
2025-03-16 14:59:40,572 - INFO - XGBoost Tuned - Test MAE: 4102.58, RMSE: 13623.59, R²: -0.17
2025-03-16 14:59:43,350 - INFO - LightGBM - Test MAE: 5268.80, RMSE: 11444.06, R²: 0.17
2025-03-16 15:02:45,889 - INFO - CNN - Test MAE: 2151.58, RMSE: 6198.05, R²: 0.76
2025-03-16 15:03:19,801 - INFO - Stacking Model - Test MAE: 4172.40, RMSE: 12824.67, R²: -0.04
2025-03-16 15:03:19,888 - INFO - Model comparison saved to E:\hyperspectral_don_prediction\models\model_comparison.csv
2025-03-16 15:18:45,880 - INFO - XGBoost Tuned - Test MAE: 4102.75, RMSE: 13612.05, R²: -0.17
2025-03-16 15:18:48,171 - INFO - LightGBM - Test MAE: 5268.80, RMSE: 11444.06, R²: 0.17
2025-03-16 15:22:03,364 - INFO - CNN - Test MAE: 1864.81, RMSE: 4573.67, R²: 0.87
2025-03-16 15:22:27,154 - INFO - Stacking Model - Test MAE: 4172.40, RMSE: 12817.84, R²: -0.04
2025-03-16 15:22:27,326 - INFO - Model comparison saved to E:\hyperspectral_don_prediction\models\model_comparison.csv
2025-03-16 15:55:53,768 - INFO - XGBoost (Tuned) - Test MAE: 3587.32, RMSE: 12226.26, R²: 0.05
2025-03-16 15:55:56,698 - INFO - LightGBM - Test MAE: 4229.20, RMSE: 9491.68, R²: 0.43
2025-03-16 15:55:56,842 - INFO - Model comparison saved to 'E:/hyperspectral_don_prediction/models/model_comparison.csv'
2025-03-16 16:19:59,991 - INFO - XGBoost (Tuned) - Test MAE: 3596.60, RMSE: 12333.63, R²: 0.04
2025-03-16 16:20:02,822 - INFO - LightGBM - Test MAE: 4229.20, RMSE: 9491.68, R²: 0.43
2025-03-16 16:20:02,907 - INFO - Model comparison saved to 'E:/hyperspectral_don_prediction/models/model_comparison.csv'
2025-03-16 16:37:02,442 - INFO - XGBoost (Tuned) - Test MAE: 3631.67, RMSE: 12318.58, R²: 0.04
2025-03-16 16:37:05,346 - INFO - LightGBM - Test MAE: 4229.20, RMSE: 9491.68, R²: 0.43
2025-03-16 16:37:05,524 - INFO - Model comparison saved to 'E:/hyperspectral_don_prediction/models/model_comparison.csv'
2025-03-16 16:41:27,245 - INFO - Test MAE: 1915.09
2025-03-16 16:41:27,260 - INFO - Test RMSE: 5036.84
2025-03-16 16:41:27,260 - INFO - Test R²: 0.81
2025-03-16 16:41:45,638 - WARNING - From E:\hyperspectral_don_prediction\venv\lib\site-packages\tensorflow\python\autograph\pyct\static_analysis\liveness.py:83: Analyzer.lamba_check (from tensorflow.python.autograph.pyct.static_analysis.liveness) is deprecated and will be removed after 2023-09-23.
Instructions for updating:
Lambda fuctions will be no more assumed to be used in the statement where they are used, or at least in the same block. https://github.com/tensorflow/tensorflow/issues/56089
2025-03-16 16:46:09,972 - INFO - Test MAE: 1915.09
2025-03-16 16:46:09,973 - INFO - Test RMSE: 5036.84
2025-03-16 16:46:09,974 - INFO - Test R²: 0.81
2025-03-16 16:48:04,724 - WARNING - From E:\hyperspectral_don_prediction\venv\lib\site-packages\tensorflow\python\autograph\pyct\static_analysis\liveness.py:83: Analyzer.lamba_check (from tensorflow.python.autograph.pyct.static_analysis.liveness) is deprecated and will be removed after 2023-09-23.
Instructions for updating:
Lambda fuctions will be no more assumed to be used in the statement where they are used, or at least in the same block. https://github.com/tensorflow/tensorflow/issues/56089
2025-03-16 16:52:07,645 - INFO - Test MAE: 1915.09
2025-03-16 16:52:07,645 - INFO - Test RMSE: 5036.84
2025-03-16 16:52:07,645 - INFO - Test R²: 0.81
2025-03-16 16:52:15,693 - WARNING - From E:\hyperspectral_don_prediction\venv\lib\site-packages\tensorflow\python\autograph\pyct\static_analysis\liveness.py:83: Analyzer.lamba_check (from tensorflow.python.autograph.pyct.static_analysis.liveness) is deprecated and will be removed after 2023-09-23.
Instructions for updating:
Lambda fuctions will be no more assumed to be used in the statement where they are used, or at least in the same block. https://github.com/tensorflow/tensorflow/issues/56089
2025-03-16 16:57:14,558 - INFO - Test MAE: 1915.09
2025-03-16 16:57:14,558 - INFO - Test RMSE: 5036.84
2025-03-16 16:57:14,558 - INFO - Test R²: 0.81
2025-03-16 16:58:57,495 - WARNING - From E:\hyperspectral_don_prediction\venv\lib\site-packages\tensorflow\python\autograph\pyct\static_analysis\liveness.py:83: Analyzer.lamba_check (from tensorflow.python.autograph.pyct.static_analysis.liveness) is deprecated and will be removed after 2023-09-23.
Instructions for updating:
Lambda fuctions will be no more assumed to be used in the statement where they are used, or at least in the same block. https://github.com/tensorflow/tensorflow/issues/56089
2025-03-16 17:08:04,158 - INFO - Test MAE: 1915.09
2025-03-16 17:08:04,158 - INFO - Test RMSE: 5036.84
2025-03-16 17:08:04,158 - INFO - Test R²: 0.81
2025-03-16 17:08:39,463 - WARNING - From E:\hyperspectral_don_prediction\venv\lib\site-packages\tensorflow\python\autograph\pyct\static_analysis\liveness.py:83: Analyzer.lamba_check (from tensorflow.python.autograph.pyct.static_analysis.liveness) is deprecated and will be removed after 2023-09-23.
Instructions for updating:
Lambda fuctions will be no more assumed to be used in the statement where they are used, or at least in the same block. https://github.com/tensorflow/tensorflow/issues/56089
2025-03-16 17:13:25,078 - INFO - Test MAE: 1915.09
2025-03-16 17:13:25,078 - INFO - Test RMSE: 5036.84
2025-03-16 17:13:25,078 - INFO - Test R²: 0.81
2025-03-16 17:13:34,234 - WARNING - From E:\hyperspectral_don_prediction\venv\lib\site-packages\tensorflow\python\autograph\pyct\static_analysis\liveness.py:83: Analyzer.lamba_check (from tensorflow.python.autograph.pyct.static_analysis.liveness) is deprecated and will be removed after 2023-09-23.
Instructions for updating:
Lambda fuctions will be no more assumed to be used in the statement where they are used, or at least in the same block. https://github.com/tensorflow/tensorflow/issues/56089
2025-03-16 17:47:44,028 - INFO - Test MAE: 1915.09
2025-03-16 17:47:44,044 - INFO - Test RMSE: 5036.84
2025-03-16 17:47:44,044 - INFO - Test R²: 0.81
2025-03-16 17:48:01,633 - WARNING - From E:\hyperspectral_don_prediction\venv\lib\site-packages\tensorflow\python\autograph\pyct\static_analysis\liveness.py:83: Analyzer.lamba_check (from tensorflow.python.autograph.pyct.static_analysis.liveness) is deprecated and will be removed after 2023-09-23.
Instructions for updating:
Lambda fuctions will be no more assumed to be used in the statement where they are used, or at least in the same block. https://github.com/tensorflow/tensorflow/issues/56089
2025-03-16 18:26:49,689 - INFO - Test MAE: 1915.09
2025-03-16 18:26:49,720 - INFO - Test RMSE: 5036.84
2025-03-16 18:26:49,720 - INFO - Test R²: 0.81
2025-03-16 18:27:01,702 - WARNING - From E:\hyperspectral_don_prediction\venv\lib\site-packages\tensorflow\python\autograph\pyct\static_analysis\liveness.py:83: Analyzer.lamba_check (from tensorflow.python.autograph.pyct.static_analysis.liveness) is deprecated and will be removed after 2023-09-23.
Instructions for updating:
Lambda fuctions will be no more assumed to be used in the statement where they are used, or at least in the same block. https://github.com/tensorflow/tensorflow/issues/56089
2025-03-16 19:23:47,248 - INFO - Loading model and scaler...
2025-03-16 19:23:51,740 - INFO - Model and scaler loaded successfully.
2025-03-16 19:23:51,966 - INFO - Starting FastAPI server on port 5000...
2025-03-16 19:25:30,761 - ERROR - Expected 448 features, got 4
2025-03-16 19:25:30,762 - ERROR - Client error: Expected 448 features, got 4
2025-03-16 19:27:37,498 - ERROR - Expected 448 features, got 4
2025-03-16 19:27:37,498 - ERROR - Client error: Expected 448 features, got 4
2025-03-16 19:51:09,863 - ERROR - Expected 448 features, got 1
2025-03-16 19:51:09,864 - ERROR - Client error: Expected 448 features, got 1
2025-03-16 20:01:38,480 - INFO - Loading model and scaler...
2025-03-16 20:01:39,252 - INFO - Model and scaler loaded successfully.
2025-03-16 20:04:28,920 - INFO - Loading model and scaler...
2025-03-16 20:04:29,320 - INFO - Model and scaler loaded successfully.
2025-03-16 20:04:29,331 - ERROR - Form data requires "python-multipart" to be installed. 
You can install "python-multipart" with: 

pip install python-multipart

2025-03-16 20:07:04,789 - INFO - Loading model and scaler...
2025-03-16 20:07:05,235 - INFO - Model and scaler loaded successfully.
2025-03-16 20:07:06,059 - INFO - Starting FastAPI server on port 5000...
2025-03-16 20:07:51,770 - INFO - Reading CSV file: MLE-Assignment.csv
2025-03-16 20:07:52,446 - INFO - CSV file loaded successfully with shape: (500, 450)
2025-03-16 20:07:52,882 - ERROR - Client error: Expected 448 features, got 449.
2025-03-16 20:14:36,627 - INFO - Loading model and scaler...
2025-03-16 20:14:38,727 - INFO - Model and scaler loaded successfully.
2025-03-16 20:14:38,979 - INFO - Starting FastAPI server on port 5000...
2025-03-16 20:15:02,183 - INFO - Reading CSV file: MLE-Assignment.csv
2025-03-16 20:15:02,244 - INFO - CSV file loaded successfully with shape: (500, 450)
2025-03-16 20:15:06,595 - INFO - Predictions made successfully: [478.5123596191406, 521.41796875, 611.1782836914062, 456.6575927734375, 526.9557495117188, 437.14459228515625, 484.8062438964844, 470.6238708496094, 438.5650939941406, 449.1982116699219, 481.71270751953125, 545.846923828125, 429.8031921386719, 532.4232177734375, 407.71240234375, 541.2164306640625, 463.5475158691406, 487.67633056640625, 510.5733947753906, 475.4482727050781, 590.0595703125, 395.6980895996094, 599.83251953125, 547.9423828125, 531.1072998046875, 538.7611694335938, 480.03668212890625, 428.00604248046875, 423.5849609375, 476.78985595703125, 414.38592529296875, 580.362548828125, 488.2238464355469, 501.2624816894531, 406.22314453125, 396.5249938964844, 486.25494384765625, 603.4619750976562, 629.3118896484375, 554.0321655273438, 448.6586608886719, 452.5419616699219, 454.7784423828125, 480.4322509765625, 437.0221252441406, 505.3616027832031, 529.4710693359375, 493.0563659667969, 534.3450927734375, 453.2074890136719, 484.6235046386719, 529.3079833984375, 520.9841918945312, 511.7297058105469, 460.5847473144531, 454.679931640625, 531.958251953125, 521.6724853515625, 564.927978515625, 506.8108825683594, 621.4764404296875, 346.1304016113281, 613.3002319335938, 502.1067199707031, 491.6620178222656, 565.1395874023438, 563.8883056640625, 450.69219970703125, 447.8234558105469, 429.7095947265625, 582.634521484375, 609.5277099609375, 532.5947265625, 589.93212890625, 491.4904479980469, 474.6525573730469, 494.5393371582031, 443.09857177734375, 428.39447021484375, 482.260986328125, 824.7554931640625, 608.8793334960938, 466.51422119140625, 500.08074951171875, 447.2691345214844, 532.5946044921875, 469.3543701171875, 459.8236389160156, 437.1101379394531, 502.4404296875, 422.6120300292969, 496.0654296875, 544.0093994140625, 470.4486389160156, 473.596923828125, 436.8217468261719, 591.39306640625, 500.7087097167969, 579.1529541015625, 480.1667785644531, 451.0001525878906, 483.7773132324219, 368.5774841308594, 504.00518798828125, 645.2955932617188, 559.2044677734375, 489.1417236328125, 350.6194152832031, 606.4594116210938, 511.20892333984375, 541.712890625, 609.024658203125, 834.72216796875, 534.7479248046875, 409.0343933105469, 569.6998291015625, 454.376953125, 856.8309326171875, 460.4390563964844, 597.4774169921875, 786.4011840820312, 483.0105285644531, 474.1990966796875, 284.6817626953125, 498.9767150878906, 540.0291748046875, 455.6323547363281, 421.6205139160156, 431.08770751953125, 432.3714904785156, 467.3271789550781, 576.1638793945312, 446.56402587890625, 499.1753234863281, 411.5668640136719, 546.6221923828125, 458.7588806152344, 486.9638366699219, 466.9093322753906, 456.2567138671875, 510.3962097167969, 435.55267333984375, 482.8528747558594, 530.8660888671875, 490.5639343261719, 661.6002197265625, 593.1729736328125, 581.0366821289062, 530.1038818359375, 497.692138671875, 393.5423278808594, 480.22296142578125, 487.1054992675781, 507.599609375, 606.0697021484375, 501.8855895996094, 561.1983032226562, 500.61383056640625, 484.5492858886719, 472.4520263671875, 669.170654296875, 500.46240234375, 648.4622192382812, 456.8031311035156, 603.738525390625, 507.9100646972656, 548.885498046875, 448.0182189941406, 891.4262084960938, 521.0435791015625, 666.4814453125, 526.1766357421875, 629.4017333984375, 577.9257202148438, 481.0243835449219, 365.2536315917969, 503.3612976074219, 576.9150390625, 502.1360168457031, 511.2810363769531, 488.3234558105469, 486.9419860839844, 475.2435607910156, 623.3592529296875, 460.9433288574219, 546.529541015625, 496.2161560058594, 502.0820007324219, 520.9928588867188, 488.06707763671875, 497.8785400390625, 443.655029296875, 457.1932067871094, 473.1765441894531, 486.0234680175781, 468.708251953125, 555.9658813476562, 585.8070068359375, 480.6112060546875, 545.97021484375, 585.3760986328125, 489.8334655761719, 481.7088317871094, 530.5421752929688, 423.5464782714844, 657.452880859375, 450.9174499511719, 599.052734375, 441.6457824707031, 433.2700500488281, 545.0685424804688, 474.46002197265625, 564.0081176757812, 457.4509582519531, 552.532958984375, 636.7735595703125, 495.19256591796875, 541.7213134765625, 572.02685546875, 438.0863952636719, 487.3156433105469, 470.9350891113281, 495.3033142089844, 465.7204895019531, 629.2869873046875, 511.2677917480469, 485.5165100097656, 413.3653259277344, 520.2493896484375, 466.7516784667969, 601.647216796875, 400.5383605957031, 396.0956115722656, 540.4826049804688, 503.85400390625, 470.7771301269531, 595.5123291015625, 571.7765502929688, 454.1730651855469, 482.1031799316406, 555.5517578125, 574.0658569335938, 531.6161499023438, 496.973388671875, 537.4489135742188, 557.659423828125, 520.5797119140625, 438.74627685546875, 458.7635498046875, 558.5955810546875, 447.9375305175781, 485.495849609375, 541.0333862304688, 465.5279235839844, 431.41180419921875, 630.3829345703125, 506.14923095703125, 490.40753173828125, 578.257568359375, 328.22808837890625, 555.8433837890625, 449.7227478027344, 504.9045104980469, 588.1241455078125, 458.9401550292969, 532.9698486328125, 395.6823425292969, 486.64947509765625, 472.9632263183594, 442.2606506347656, 482.70709228515625, 508.40093994140625, 505.36016845703125, 384.2798767089844, 529.82373046875, 521.3990478515625, 586.1492309570312, 558.5655517578125, 827.5774536132812, 469.16705322265625, 443.6520690917969, 651.68115234375, 625.35693359375, 499.56817626953125, 456.0830078125, 442.6103210449219, 517.9863891601562, 620.6138916015625, 493.42120361328125, 430.54901123046875, 470.872314453125, 501.8220520019531, 465.1961975097656, 502.53680419921875, 479.8956298828125, 535.0040283203125, 474.5140686035156, 983.12158203125, 466.5180969238281, 546.3826904296875, 430.43536376953125, 652.7392578125, 485.03900146484375, 512.7566528320312, 500.8216857910156, 750.90380859375, 719.0485229492188, 602.22412109375, 527.06005859375, 529.0244750976562, 474.42010498046875, 811.453125, 459.5616455078125, 576.58642578125, 592.895263671875, 526.0306396484375, 437.1072692871094, 557.8265991210938, 478.3714904785156, 480.8785705566406, 518.6214599609375, 470.7981262207031, 468.7135925292969, 628.81884765625, 485.8682556152344, 761.6429443359375, 550.1423950195312, 535.2667846679688, 503.37615966796875, 407.3614807128906, 508.1412658691406, 539.0149536132812, 539.84521484375, 416.7912292480469, 463.50341796875, 506.6091003417969, 489.1238098144531, 453.21917724609375, 526.4180297851562, 471.8371887207031, 467.0349426269531, 579.2535400390625, 465.21124267578125, 501.951904296875, 496.2276916503906, 532.7106323242188, 471.6108093261719, 428.6241455078125, 448.1271667480469, 433.6996154785156, 484.09259033203125, 604.2547607421875, 781.3466796875, 451.7668762207031, 532.48388671875, 500.5550842285156, 620.1083374023438, 466.2724914550781, 552.51318359375, 506.4410400390625, 547.95263671875, 504.9605712890625, 642.4410400390625, 520.5257568359375, 615.8734741210938, 430.03594970703125, 518.8974609375, 659.902099609375, 440.010986328125, 543.4080810546875, 495.5499572753906, 551.4595947265625, 599.7171630859375, 457.3641052246094, 554.98828125, 484.72296142578125, 401.331298828125, 615.7220458984375, 517.32373046875, 487.2303771972656, 512.7852172851562, 402.6689453125, 473.0894775390625, 370.5257568359375, 501.6208190917969, 530.22900390625, 502.8898620605469, 615.737060546875, 572.5897827148438, 462.10260009765625, 496.5598449707031, 474.0993957519531, 544.962158203125, 514.018310546875, 501.4050598144531, 463.70281982421875, 596.6192626953125, 447.814697265625, 471.3050231933594, 478.8511047363281, 562.7586669921875, 480.0693054199219, 529.4318237304688, 490.5456237792969, 436.6405334472656, 488.0836486816406, 378.9341125488281, 815.976318359375, 482.1154479980469, 497.990966796875, 817.5067138671875, 442.7812194824219, 453.9687805175781, 514.3523559570312, 512.1075439453125, 548.9609375, 430.8181457519531, 344.1425476074219, 532.6240234375, 621.689208984375, 489.25726318359375, 395.5024719238281, 457.7902526855469, 522.0422973632812, 537.5639038085938, 449.2021789550781, 456.8451843261719, 561.8203125, 511.8257751464844, 513.786865234375, 481.6153869628906, 425.9537658691406, 447.7109680175781, 494.5387268066406, 527.1389770507812, 474.7348327636719, 498.1285705566406, 485.4391784667969, 465.58978271484375, 442.05364990234375, 496.6952819824219, 851.4376220703125, 581.073974609375, 482.9682922363281, 590.2332153320312, 465.71661376953125, 454.7462158203125, 551.553466796875, 458.564453125, 514.08935546875, 611.2169799804688, 629.6318359375, 881.38623046875, 336.6940002441406, 493.9088439941406, 542.0628662109375, 545.19970703125, 523.28271484375, 441.0992126464844, 588.6864624023438, 495.3220520019531, 463.4127197265625, 493.5359191894531, 548.5771484375, 445.5289611816406, 455.8493347167969, 437.3460388183594, 498.984375, 483.64776611328125, 449.2874450683594, 474.5745544433594, 484.7026672363281, 395.1869201660156, 553.610107421875, 433.4928283691406, 435.69970703125, 445.0546569824219, 599.2537841796875, 445.61749267578125, 454.6021423339844, 549.048583984375, 524.9230346679688, 524.7701416015625, 558.0279541015625, 478.8642883300781, 538.3392333984375, 423.1982116699219, 513.5084228515625, 484.4210205078125, 439.58709716796875, 463.9286193847656, 477.741455078125, 494.5235595703125, 449.0773010253906, 488.5808410644531, 506.50897216796875, 447.5206298828125, 448.5083312988281, 480.43292236328125, 488.33782958984375]
2025-03-16 20:15:06,603 - INFO - Evaluation metrics - MSE: 178333069.37819788, MAE: 3219.534498352051, R²: -0.041926405434594916
